# JRE version: Java(TM) SE Runtime Environment (8.0_05-b13) (build 1.8.0_05-b13)
# Java VM: Java HotSpot(TM) 64-Bit Server VM (25.5-b02 mixed mode windows-amd64 compressed oops)
Heap:
 PSYoungGen      total 177664K, used 47166K [0x00000000eab00000, 0x00000000fa100000, 0x0000000100000000)
  eden space 147968K, 15% used [0x00000000eab00000,0x00000000ec115808,0x00000000f3b80000)
  from space 29696K, 82% used [0x00000000f8400000,0x00000000f9bfa268,0x00000000fa100000)
  to   space 26624K, 0% used [0x00000000f3b80000,0x00000000f3b80000,0x00000000f5580000)
 ParOldGen       total 162304K, used 135832K [0x00000000c0000000, 0x00000000c9e80000, 0x00000000eab00000)
  object space 162304K, 83% used [0x00000000c0000000,0x00000000c84a6098,0x00000000c9e80000)
 Metaspace       used 6207K, capacity 7128K, committed 7424K, reserved 1056768K
  class space    used 615K, capacity 656K, committed 768K, reserved 1048576K
GC Heap History (10 events):
Event: 2.730 GC heap before
{Heap before GC invocations=26 (full 0):
 PSYoungGen      total 108032K, used 104222K [0x00000000eab00000, 0x00000000f4000000, 0x0000000100000000)
  eden space 93696K, 100% used [0x00000000eab00000,0x00000000f0680000,0x00000000f0680000)
  from space 14336K, 73% used [0x00000000f0680000,0x00000000f10c7bb0,0x00000000f1480000)
  to   space 15360K, 0% used [0x00000000f3100000,0x00000000f3100000,0x00000000f4000000)
 ParOldGen       total 162304K, used 55804K [0x00000000c0000000, 0x00000000c9e80000, 0x00000000eab00000)
  object space 162304K, 34% used [0x00000000c0000000,0x00000000c367f090,0x00000000c9e80000)
 Metaspace       used 6189K, capacity 7064K, committed 7424K, reserved 1056768K
  class space    used 615K, capacity 656K, committed 768K, reserved 1048576K
Event: 2.760 GC heap after
Heap after GC invocations=26 (full 0):
 PSYoungGen      total 130560K, used 15328K [0x00000000eab00000, 0x00000000f4d00000, 0x0000000100000000)
  eden space 115200K, 0% used [0x00000000eab00000,0x00000000eab00000,0x00000000f1b80000)
  from space 15360K, 99% used [0x00000000f3100000,0x00000000f3ff8030,0x00000000f4000000)
  to   space 22016K, 0% used [0x00000000f1b80000,0x00000000f1b80000,0x00000000f3100000)
 ParOldGen       total 162304K, used 65601K [0x00000000c0000000, 0x00000000c9e80000, 0x00000000eab00000)
  object space 162304K, 40% used [0x00000000c0000000,0x00000000c4010628,0x00000000c9e80000)
 Metaspace       used 6189K, capacity 7064K, committed 7424K, reserved 1056768K
  class space    used 615K, capacity 656K, committed 768K, reserved 1048576K
}
Event: 3.387 GC heap before
{Heap before GC invocations=27 (full 0):
 PSYoungGen      total 130560K, used 130528K [0x00000000eab00000, 0x00000000f4d00000, 0x0000000100000000)
  eden space 115200K, 100% used [0x00000000eab00000,0x00000000f1b80000,0x00000000f1b80000)
  from space 15360K, 99% used [0x00000000f3100000,0x00000000f3ff8030,0x00000000f4000000)
  to   space 22016K, 0% used [0x00000000f1b80000,0x00000000f1b80000,0x00000000f3100000)
 ParOldGen       total 162304K, used 65601K [0x00000000c0000000, 0x00000000c9e80000, 0x00000000eab00000)
  object space 162304K, 40% used [0x00000000c0000000,0x00000000c4010628,0x00000000c9e80000)
 Metaspace       used 6197K, capacity 7128K, committed 7424K, reserved 1056768K
  class space    used 615K, capacity 656K, committed 768K, reserved 1048576K
Event: 3.417 GC heap after
Heap after GC invocations=27 (full 0):
 PSYoungGen      total 137216K, used 18304K [0x00000000eab00000, 0x00000000f6d80000, 0x0000000100000000)
  eden space 115200K, 0% used [0x00000000eab00000,0x00000000eab00000,0x00000000f1b80000)
  from space 22016K, 83% used [0x00000000f1b80000,0x00000000f2d60000,0x00000000f3100000)
  to   space 24576K, 0% used [0x00000000f5580000,0x00000000f5580000,0x00000000f6d80000)
 ParOldGen       total 162304K, used 80031K [0x00000000c0000000, 0x00000000c9e80000, 0x00000000eab00000)
  object space 162304K, 49% used [0x00000000c0000000,0x00000000c4e27dc8,0x00000000c9e80000)
 Metaspace       used 6197K, capacity 7128K, committed 7424K, reserved 1056768K
  class space    used 615K, capacity 656K, committed 768K, reserved 1048576K
}
Event: 3.703 GC heap before
{Heap before GC invocations=28 (full 0):
 PSYoungGen      total 137216K, used 133504K [0x00000000eab00000, 0x00000000f6d80000, 0x0000000100000000)
  eden space 115200K, 100% used [0x00000000eab00000,0x00000000f1b80000,0x00000000f1b80000)
  from space 22016K, 83% used [0x00000000f1b80000,0x00000000f2d60000,0x00000000f3100000)
  to   space 24576K, 0% used [0x00000000f5580000,0x00000000f5580000,0x00000000f6d80000)
 ParOldGen       total 162304K, used 80031K [0x00000000c0000000, 0x00000000c9e80000, 0x00000000eab00000)
  object space 162304K, 49% used [0x00000000c0000000,0x00000000c4e27dc8,0x00000000c9e80000)
 Metaspace       used 6200K, capacity 7128K, committed 7424K, reserved 1056768K
  class space    used 615K, capacity 656K, committed 768K, reserved 1048576K
Event: 3.743 GC heap after
Heap after GC invocations=28 (full 0):
 PSYoungGen      total 172544K, used 18541K [0x00000000eab00000, 0x00000000f7180000, 0x0000000100000000)
  eden space 147968K, 0% used [0x00000000eab00000,0x00000000eab00000,0x00000000f3b80000)
  from space 24576K, 75% used [0x00000000f5580000,0x00000000f679b520,0x00000000f6d80000)
  to   space 26624K, 0% used [0x00000000f3b80000,0x00000000f3b80000,0x00000000f5580000)
 ParOldGen       total 162304K, used 97287K [0x00000000c0000000, 0x00000000c9e80000, 0x00000000eab00000)
  object space 162304K, 59% used [0x00000000c0000000,0x00000000c5f01e78,0x00000000c9e80000)
 Metaspace       used 6200K, capacity 7128K, committed 7424K, reserved 1056768K
  class space    used 615K, capacity 656K, committed 768K, reserved 1048576K
}
Event: 3.982 GC heap before
{Heap before GC invocations=29 (full 0):
 PSYoungGen      total 172544K, used 166509K [0x00000000eab00000, 0x00000000f7180000, 0x0000000100000000)
  eden space 147968K, 100% used [0x00000000eab00000,0x00000000f3b80000,0x00000000f3b80000)
  from space 24576K, 75% used [0x00000000f5580000,0x00000000f679b520,0x00000000f6d80000)
  to   space 26624K, 0% used [0x00000000f3b80000,0x00000000f3b80000,0x00000000f5580000)
 ParOldGen       total 162304K, used 97287K [0x00000000c0000000, 0x00000000c9e80000, 0x00000000eab00000)
  object space 162304K, 59% used [0x00000000c0000000,0x00000000c5f01e78,0x00000000c9e80000)
 Metaspace       used 6202K, capacity 7128K, committed 7424K, reserved 1056768K
  class space    used 615K, capacity 656K, committed 768K, reserved 1048576K
Event: 4.014 GC heap after
Heap after GC invocations=29 (full 0):
 PSYoungGen      total 174592K, used 22656K [0x00000000eab00000, 0x00000000fa100000, 0x0000000100000000)
  eden space 147968K, 0% used [0x00000000eab00000,0x00000000eab00000,0x00000000f3b80000)
  from space 26624K, 85% used [0x00000000f3b80000,0x00000000f51a0040,0x00000000f5580000)
  to   space 29696K, 0% used [0x00000000f8400000,0x00000000f8400000,0x00000000fa100000)
 ParOldGen       total 162304K, used 114481K [0x00000000c0000000, 0x00000000c9e80000, 0x00000000eab00000)
  object space 162304K, 70% used [0x00000000c0000000,0x00000000c6fcc578,0x00000000c9e80000)
 Metaspace       used 6202K, capacity 7128K, committed 7424K, reserved 1056768K
  class space    used 615K, capacity 656K, committed 768K, reserved 1048576K
}
Event: 4.221 GC heap before
{Heap before GC invocations=30 (full 0):
 PSYoungGen      total 174592K, used 170624K [0x00000000eab00000, 0x00000000fa100000, 0x0000000100000000)
  eden space 147968K, 100% used [0x00000000eab00000,0x00000000f3b80000,0x00000000f3b80000)
  from space 26624K, 85% used [0x00000000f3b80000,0x00000000f51a0040,0x00000000f5580000)
  to   space 29696K, 0% used [0x00000000f8400000,0x00000000f8400000,0x00000000fa100000)
 ParOldGen       total 162304K, used 114481K [0x00000000c0000000, 0x00000000c9e80000, 0x00000000eab00000)
  object space 162304K, 70% used [0x00000000c0000000,0x00000000c6fcc578,0x00000000c9e80000)
 Metaspace       used 6206K, capacity 7128K, committed 7424K, reserved 1056768K
  class space    used 615K, capacity 656K, committed 768K, reserved 1048576K
Event: 4.266 GC heap after
Heap after GC invocations=30 (full 0):
 PSYoungGen      total 177664K, used 24552K [0x00000000eab00000, 0x00000000fa100000, 0x0000000100000000)
  eden space 147968K, 0% used [0x00000000eab00000,0x00000000eab00000,0x00000000f3b80000)
  from space 29696K, 82% used [0x00000000f8400000,0x00000000f9bfa268,0x00000000fa100000)
  to   space 26624K, 0% used [0x00000000f3b80000,0x00000000f3b80000,0x00000000f5580000)
 ParOldGen       total 162304K, used 135832K [0x00000000c0000000, 0x00000000c9e80000, 0x00000000eab00000)
  object space 162304K, 83% used [0x00000000c0000000,0x00000000c84a6098,0x00000000c9e80000)
 Metaspace       used 6206K, capacity 7128K, committed 7424K, reserved 1056768K
  class space    used 615K, capacity 656K, committed 768K, reserved 1048576K
}

