# JRE version: Java(TM) SE Runtime Environment (8.0_05-b13) (build 1.8.0_05-b13)
# Java VM: Java HotSpot(TM) 64-Bit Server VM (25.5-b02 mixed mode windows-amd64 compressed oops)
Heap:
 PSYoungGen      total 220672K, used 10200K [0x00000000eab00000, 0x00000000faa00000, 0x0000000100000000)
  eden space 190976K, 5% used [0x00000000eab00000,0x00000000eb4f6068,0x00000000f6580000)
  from space 29696K, 0% used [0x00000000f8600000,0x00000000f8600000,0x00000000fa300000)
  to   space 33280K, 0% used [0x00000000f6580000,0x00000000f6580000,0x00000000f8600000)
 ParOldGen       total 181760K, used 155006K [0x00000000c0000000, 0x00000000cb180000, 0x00000000eab00000)
  object space 181760K, 85% used [0x00000000c0000000,0x00000000c975fab8,0x00000000cb180000)
 Metaspace       used 6220K, capacity 7128K, committed 7424K, reserved 1056768K
  class space    used 615K, capacity 656K, committed 768K, reserved 1048576K
GC Heap History (10 events):
Event: 3.859 GC heap before
{Heap before GC invocations=27 (full 0):
 PSYoungGen      total 131584K, used 131552K [0x00000000eab00000, 0x00000000f4e00000, 0x0000000100000000)
  eden space 116224K, 100% used [0x00000000eab00000,0x00000000f1c80000,0x00000000f1c80000)
  from space 15360K, 99% used [0x00000000f3200000,0x00000000f40f8030,0x00000000f4100000)
  to   space 22016K, 0% used [0x00000000f1c80000,0x00000000f1c80000,0x00000000f3200000)
 ParOldGen       total 162304K, used 66258K [0x00000000c0000000, 0x00000000c9e80000, 0x00000000eab00000)
  object space 162304K, 40% used [0x00000000c0000000,0x00000000c40b4aa0,0x00000000c9e80000)
 Metaspace       used 6210K, capacity 7128K, committed 7424K, reserved 1056768K
  class space    used 615K, capacity 656K, committed 768K, reserved 1048576K
Event: 3.882 GC heap after
Heap after GC invocations=27 (full 0):
 PSYoungGen      total 138240K, used 18432K [0x00000000eab00000, 0x00000000f6f00000, 0x0000000100000000)
  eden space 116224K, 0% used [0x00000000eab00000,0x00000000eab00000,0x00000000f1c80000)
  from space 22016K, 83% used [0x00000000f1c80000,0x00000000f2e80000,0x00000000f3200000)
  to   space 24576K, 0% used [0x00000000f5700000,0x00000000f5700000,0x00000000f6f00000)
 ParOldGen       total 162304K, used 80963K [0x00000000c0000000, 0x00000000c9e80000, 0x00000000eab00000)
  object space 162304K, 49% used [0x00000000c0000000,0x00000000c4f10c78,0x00000000c9e80000)
 Metaspace       used 6210K, capacity 7128K, committed 7424K, reserved 1056768K
  class space    used 615K, capacity 656K, committed 768K, reserved 1048576K
}
Event: 4.221 GC heap before
{Heap before GC invocations=28 (full 0):
 PSYoungGen      total 138240K, used 134656K [0x00000000eab00000, 0x00000000f6f00000, 0x0000000100000000)
  eden space 116224K, 100% used [0x00000000eab00000,0x00000000f1c80000,0x00000000f1c80000)
  from space 22016K, 83% used [0x00000000f1c80000,0x00000000f2e80000,0x00000000f3200000)
  to   space 24576K, 0% used [0x00000000f5700000,0x00000000f5700000,0x00000000f6f00000)
 ParOldGen       total 162304K, used 80963K [0x00000000c0000000, 0x00000000c9e80000, 0x00000000eab00000)
  object space 162304K, 49% used [0x00000000c0000000,0x00000000c4f10c78,0x00000000c9e80000)
 Metaspace       used 6212K, capacity 7128K, committed 7424K, reserved 1056768K
  class space    used 615K, capacity 656K, committed 768K, reserved 1048576K
Event: 4.261 GC heap after
Heap after GC invocations=28 (full 0):
 PSYoungGen      total 174080K, used 18086K [0x00000000eab00000, 0x00000000f7300000, 0x0000000100000000)
  eden space 149504K, 0% used [0x00000000eab00000,0x00000000eab00000,0x00000000f3d00000)
  from space 24576K, 73% used [0x00000000f5700000,0x00000000f68a9a90,0x00000000f6f00000)
  to   space 26624K, 0% used [0x00000000f3d00000,0x00000000f3d00000,0x00000000f5700000)
 ParOldGen       total 162304K, used 98394K [0x00000000c0000000, 0x00000000c9e80000, 0x00000000eab00000)
  object space 162304K, 60% used [0x00000000c0000000,0x00000000c6016a78,0x00000000c9e80000)
 Metaspace       used 6212K, capacity 7128K, committed 7424K, reserved 1056768K
  class space    used 615K, capacity 656K, committed 768K, reserved 1048576K
}
Event: 4.665 GC heap before
{Heap before GC invocations=29 (full 0):
 PSYoungGen      total 174080K, used 167590K [0x00000000eab00000, 0x00000000f7300000, 0x0000000100000000)
  eden space 149504K, 100% used [0x00000000eab00000,0x00000000f3d00000,0x00000000f3d00000)
  from space 24576K, 73% used [0x00000000f5700000,0x00000000f68a9a90,0x00000000f6f00000)
  to   space 26624K, 0% used [0x00000000f3d00000,0x00000000f3d00000,0x00000000f5700000)
 ParOldGen       total 162304K, used 98394K [0x00000000c0000000, 0x00000000c9e80000, 0x00000000eab00000)
  object space 162304K, 60% used [0x00000000c0000000,0x00000000c6016a78,0x00000000c9e80000)
 Metaspace       used 6216K, capacity 7128K, committed 7424K, reserved 1056768K
  class space    used 615K, capacity 656K, committed 768K, reserved 1048576K
Event: 4.708 GC heap after
Heap after GC invocations=29 (full 0):
 PSYoungGen      total 176128K, used 22870K [0x00000000eab00000, 0x00000000fa300000, 0x0000000100000000)
  eden space 149504K, 0% used [0x00000000eab00000,0x00000000eab00000,0x00000000f3d00000)
  from space 26624K, 85% used [0x00000000f3d00000,0x00000000f5355890,0x00000000f5700000)
  to   space 29696K, 0% used [0x00000000f8600000,0x00000000f8600000,0x00000000fa300000)
 ParOldGen       total 162304K, used 115407K [0x00000000c0000000, 0x00000000c9e80000, 0x00000000eab00000)
  object space 162304K, 71% used [0x00000000c0000000,0x00000000c70b3f08,0x00000000c9e80000)
 Metaspace       used 6216K, capacity 7128K, committed 7424K, reserved 1056768K
  class space    used 615K, capacity 656K, committed 768K, reserved 1048576K
}
Event: 4.958 GC heap before
{Heap before GC invocations=30 (full 0):
 PSYoungGen      total 176128K, used 172374K [0x00000000eab00000, 0x00000000fa300000, 0x0000000100000000)
  eden space 149504K, 100% used [0x00000000eab00000,0x00000000f3d00000,0x00000000f3d00000)
  from space 26624K, 85% used [0x00000000f3d00000,0x00000000f5355890,0x00000000f5700000)
  to   space 29696K, 0% used [0x00000000f8600000,0x00000000f8600000,0x00000000fa300000)
 ParOldGen       total 162304K, used 115407K [0x00000000c0000000, 0x00000000c9e80000, 0x00000000eab00000)
  object space 162304K, 71% used [0x00000000c0000000,0x00000000c70b3f08,0x00000000c9e80000)
 Metaspace       used 6220K, capacity 7128K, committed 7424K, reserved 1056768K
  class space    used 615K, capacity 656K, committed 768K, reserved 1048576K
Event: 4.995 GC heap after
Heap after GC invocations=30 (full 0):
 PSYoungGen      total 220672K, used 25502K [0x00000000eab00000, 0x00000000faa00000, 0x0000000100000000)
  eden space 190976K, 0% used [0x00000000eab00000,0x00000000eab00000,0x00000000f6580000)
  from space 29696K, 85% used [0x00000000f8600000,0x00000000f9ee79d0,0x00000000fa300000)
  to   space 33280K, 0% used [0x00000000f6580000,0x00000000f6580000,0x00000000f8600000)
 ParOldGen       total 162304K, used 137366K [0x00000000c0000000, 0x00000000c9e80000, 0x00000000eab00000)
  object space 162304K, 84% used [0x00000000c0000000,0x00000000c86259d8,0x00000000c9e80000)
 Metaspace       used 6220K, capacity 7128K, committed 7424K, reserved 1056768K
  class space    used 615K, capacity 656K, committed 768K, reserved 1048576K
}
Event: 4.995 GC heap before
{Heap before GC invocations=31 (full 1):
 PSYoungGen      total 220672K, used 25502K [0x00000000eab00000, 0x00000000faa00000, 0x0000000100000000)
  eden space 190976K, 0% used [0x00000000eab00000,0x00000000eab00000,0x00000000f6580000)
  from space 29696K, 85% used [0x00000000f8600000,0x00000000f9ee79d0,0x00000000fa300000)
  to   space 33280K, 0% used [0x00000000f6580000,0x00000000f6580000,0x00000000f8600000)
 ParOldGen       total 162304K, used 137366K [0x00000000c0000000, 0x00000000c9e80000, 0x00000000eab00000)
  object space 162304K, 84% used [0x00000000c0000000,0x00000000c86259d8,0x00000000c9e80000)
 Metaspace       used 6220K, capacity 7128K, committed 7424K, reserved 1056768K
  class space    used 615K, capacity 656K, committed 768K, reserved 1048576K
Event: 5.621 GC heap after
Heap after GC invocations=31 (full 1):
 PSYoungGen      total 220672K, used 0K [0x00000000eab00000, 0x00000000faa00000, 0x0000000100000000)
  eden space 190976K, 0% used [0x00000000eab00000,0x00000000eab00000,0x00000000f6580000)
  from space 29696K, 0% used [0x00000000f8600000,0x00000000f8600000,0x00000000fa300000)
  to   space 33280K, 0% used [0x00000000f6580000,0x00000000f6580000,0x00000000f8600000)
 ParOldGen       total 181760K, used 155006K [0x00000000c0000000, 0x00000000cb180000, 0x00000000eab00000)
  object space 181760K, 85% used [0x00000000c0000000,0x00000000c975fab8,0x00000000cb180000)
 Metaspace       used 6220K, capacity 7128K, committed 7424K, reserved 1056768K
  class space    used 615K, capacity 656K, committed 768K, reserved 1048576K
}

