# JRE version: Java(TM) SE Runtime Environment (8.0_05-b13) (build 1.8.0_05-b13)
# Java VM: Java HotSpot(TM) 64-Bit Server VM (25.5-b02 mixed mode windows-amd64 compressed oops)
Heap:
 PSYoungGen      total 83456K, used 26449K [0x00000000eab00000, 0x00000000f0780000, 0x0000000100000000)
  eden space 73728K, 26% used [0x00000000eab00000,0x00000000ebdc8538,0x00000000ef300000)
  from space 9728K, 74% used [0x00000000efd00000,0x00000000f040c118,0x00000000f0680000)
  to   space 10240K, 0% used [0x00000000ef300000,0x00000000ef300000,0x00000000efd00000)
 ParOldGen       total 162304K, used 40012K [0x00000000c0000000, 0x00000000c9e80000, 0x00000000eab00000)
  object space 162304K, 24% used [0x00000000c0000000,0x00000000c27132b8,0x00000000c9e80000)
 Metaspace       used 6783K, capacity 7448K, committed 7680K, reserved 1056768K
  class space    used 667K, capacity 720K, committed 768K, reserved 1048576K
GC Heap History (10 events):
Event: 6.503 GC heap before
{Heap before GC invocations=18 (full 0):
 PSYoungGen      total 31744K, used 31712K [0x00000000eab00000, 0x00000000edd00000, 0x0000000100000000)
  eden space 27648K, 100% used [0x00000000eab00000,0x00000000ec600000,0x00000000ec600000)
  from space 4096K, 99% used [0x00000000ec600000,0x00000000ec9f8240,0x00000000eca00000)
  to   space 6144K, 0% used [0x00000000ed700000,0x00000000ed700000,0x00000000edd00000)
 ParOldGen       total 162304K, used 14470K [0x00000000c0000000, 0x00000000c9e80000, 0x00000000eab00000)
  object space 162304K, 8% used [0x00000000c0000000,0x00000000c0e21b20,0x00000000c9e80000)
 Metaspace       used 5945K, capacity 6960K, committed 7040K, reserved 1056768K
  class space    used 593K, capacity 616K, committed 640K, reserved 1048576K
Event: 6.526 GC heap after
Heap after GC invocations=18 (full 0):
 PSYoungGen      total 44544K, used 4160K [0x00000000eab00000, 0x00000000ede00000, 0x0000000100000000)
  eden space 38400K, 0% used [0x00000000eab00000,0x00000000eab00000,0x00000000ed080000)
  from space 6144K, 67% used [0x00000000ed700000,0x00000000edb10000,0x00000000edd00000)
  to   space 6656K, 0% used [0x00000000ed080000,0x00000000ed080000,0x00000000ed700000)
 ParOldGen       total 162304K, used 18263K [0x00000000c0000000, 0x00000000c9e80000, 0x00000000eab00000)
  object space 162304K, 11% used [0x00000000c0000000,0x00000000c11d5cc0,0x00000000c9e80000)
 Metaspace       used 5945K, capacity 6960K, committed 7040K, reserved 1056768K
  class space    used 593K, capacity 616K, committed 640K, reserved 1048576K
}
Event: 6.823 GC heap before
{Heap before GC invocations=19 (full 0):
 PSYoungGen      total 44544K, used 42560K [0x00000000eab00000, 0x00000000ede00000, 0x0000000100000000)
  eden space 38400K, 100% used [0x00000000eab00000,0x00000000ed080000,0x00000000ed080000)
  from space 6144K, 67% used [0x00000000ed700000,0x00000000edb10000,0x00000000edd00000)
  to   space 6656K, 0% used [0x00000000ed080000,0x00000000ed080000,0x00000000ed700000)
 ParOldGen       total 162304K, used 18263K [0x00000000c0000000, 0x00000000c9e80000, 0x00000000eab00000)
  object space 162304K, 11% used [0x00000000c0000000,0x00000000c11d5cc0,0x00000000c9e80000)
 Metaspace       used 6050K, capacity 7000K, committed 7168K, reserved 1056768K
  class space    used 613K, capacity 656K, committed 768K, reserved 1048576K
Event: 6.931 GC heap after
Heap after GC invocations=19 (full 0):
 PSYoungGen      total 45056K, used 5394K [0x00000000eab00000, 0x00000000eed80000, 0x0000000100000000)
  eden space 38400K, 0% used [0x00000000eab00000,0x00000000eab00000,0x00000000ed080000)
  from space 6656K, 81% used [0x00000000ed080000,0x00000000ed5c4bd8,0x00000000ed700000)
  to   space 7168K, 0% used [0x00000000ee680000,0x00000000ee680000,0x00000000eed80000)
 ParOldGen       total 162304K, used 22164K [0x00000000c0000000, 0x00000000c9e80000, 0x00000000eab00000)
  object space 162304K, 13% used [0x00000000c0000000,0x00000000c15a53f8,0x00000000c9e80000)
 Metaspace       used 6050K, capacity 7000K, committed 7168K, reserved 1056768K
  class space    used 613K, capacity 656K, committed 768K, reserved 1048576K
}
Event: 7.102 GC heap before
{Heap before GC invocations=20 (full 0):
 PSYoungGen      total 45056K, used 43794K [0x00000000eab00000, 0x00000000eed80000, 0x0000000100000000)
  eden space 38400K, 100% used [0x00000000eab00000,0x00000000ed080000,0x00000000ed080000)
  from space 6656K, 81% used [0x00000000ed080000,0x00000000ed5c4bd8,0x00000000ed700000)
  to   space 7168K, 0% used [0x00000000ee680000,0x00000000ee680000,0x00000000eed80000)
 ParOldGen       total 162304K, used 22164K [0x00000000c0000000, 0x00000000c9e80000, 0x00000000eab00000)
  object space 162304K, 13% used [0x00000000c0000000,0x00000000c15a53f8,0x00000000c9e80000)
 Metaspace       used 6063K, capacity 7000K, committed 7168K, reserved 1056768K
  class space    used 613K, capacity 656K, committed 768K, reserved 1048576K
Event: 7.138 GC heap after
Heap after GC invocations=20 (full 0):
 PSYoungGen      total 59904K, used 6429K [0x00000000eab00000, 0x00000000eef80000, 0x0000000100000000)
  eden space 52736K, 0% used [0x00000000eab00000,0x00000000eab00000,0x00000000ede80000)
  from space 7168K, 89% used [0x00000000ee680000,0x00000000eecc77d0,0x00000000eed80000)
  to   space 8192K, 0% used [0x00000000ede80000,0x00000000ede80000,0x00000000ee680000)
 ParOldGen       total 162304K, used 26889K [0x00000000c0000000, 0x00000000c9e80000, 0x00000000eab00000)
  object space 162304K, 16% used [0x00000000c0000000,0x00000000c1a42728,0x00000000c9e80000)
 Metaspace       used 6063K, capacity 7000K, committed 7168K, reserved 1056768K
  class space    used 613K, capacity 656K, committed 768K, reserved 1048576K
}
Event: 7.281 GC heap before
{Heap before GC invocations=21 (full 0):
 PSYoungGen      total 59904K, used 59165K [0x00000000eab00000, 0x00000000eef80000, 0x0000000100000000)
  eden space 52736K, 100% used [0x00000000eab00000,0x00000000ede80000,0x00000000ede80000)
  from space 7168K, 89% used [0x00000000ee680000,0x00000000eecc77d0,0x00000000eed80000)
  to   space 8192K, 0% used [0x00000000ede80000,0x00000000ede80000,0x00000000ee680000)
 ParOldGen       total 162304K, used 26889K [0x00000000c0000000, 0x00000000c9e80000, 0x00000000eab00000)
  object space 162304K, 16% used [0x00000000c0000000,0x00000000c1a42728,0x00000000c9e80000)
 Metaspace       used 6090K, capacity 7064K, committed 7424K, reserved 1056768K
  class space    used 613K, capacity 656K, committed 768K, reserved 1048576K
Event: 7.318 GC heap after
Heap after GC invocations=21 (full 0):
 PSYoungGen      total 60928K, used 8109K [0x00000000eab00000, 0x00000000f0680000, 0x0000000100000000)
  eden space 52736K, 0% used [0x00000000eab00000,0x00000000eab00000,0x00000000ede80000)
  from space 8192K, 98% used [0x00000000ede80000,0x00000000ee66b6e0,0x00000000ee680000)
  to   space 9728K, 0% used [0x00000000efd00000,0x00000000efd00000,0x00000000f0680000)
 ParOldGen       total 162304K, used 32527K [0x00000000c0000000, 0x00000000c9e80000, 0x00000000eab00000)
  object space 162304K, 20% used [0x00000000c0000000,0x00000000c1fc3ed8,0x00000000c9e80000)
 Metaspace       used 6090K, capacity 7064K, committed 7424K, reserved 1056768K
  class space    used 613K, capacity 656K, committed 768K, reserved 1048576K
}
Event: 7.552 GC heap before
{Heap before GC invocations=22 (full 0):
 PSYoungGen      total 60928K, used 60845K [0x00000000eab00000, 0x00000000f0680000, 0x0000000100000000)
  eden space 52736K, 100% used [0x00000000eab00000,0x00000000ede80000,0x00000000ede80000)
  from space 8192K, 98% used [0x00000000ede80000,0x00000000ee66b6e0,0x00000000ee680000)
  to   space 9728K, 0% used [0x00000000efd00000,0x00000000efd00000,0x00000000f0680000)
 ParOldGen       total 162304K, used 32527K [0x00000000c0000000, 0x00000000c9e80000, 0x00000000eab00000)
  object space 162304K, 20% used [0x00000000c0000000,0x00000000c1fc3ed8,0x00000000c9e80000)
 Metaspace       used 6177K, capacity 7064K, committed 7424K, reserved 1056768K
  class space    used 619K, capacity 656K, committed 768K, reserved 1048576K
Event: 7.658 GC heap after
Heap after GC invocations=22 (full 0):
 PSYoungGen      total 83456K, used 7216K [0x00000000eab00000, 0x00000000f0780000, 0x0000000100000000)
  eden space 73728K, 0% used [0x00000000eab00000,0x00000000eab00000,0x00000000ef300000)
  from space 9728K, 74% used [0x00000000efd00000,0x00000000f040c118,0x00000000f0680000)
  to   space 10240K, 0% used [0x00000000ef300000,0x00000000ef300000,0x00000000efd00000)
 ParOldGen       total 162304K, used 40012K [0x00000000c0000000, 0x00000000c9e80000, 0x00000000eab00000)
  object space 162304K, 24% used [0x00000000c0000000,0x00000000c27132b8,0x00000000c9e80000)
 Metaspace       used 6177K, capacity 7064K, committed 7424K, reserved 1056768K
  class space    used 619K, capacity 656K, committed 768K, reserved 1048576K
}

