# JRE version: Java(TM) SE Runtime Environment (8.0_05-b13) (build 1.8.0_05-b13)
# Java VM: Java HotSpot(TM) 64-Bit Server VM (25.5-b02 mixed mode windows-amd64 compressed oops)
Heap:
 PSYoungGen      total 68096K, used 18813K [0x00000000eab00000, 0x00000000ef800000, 0x0000000100000000)
  eden space 57856K, 16% used [0x00000000eab00000,0x00000000eb46f768,0x00000000ee380000)
  from space 10240K, 89% used [0x00000000ee380000,0x00000000eec70000,0x00000000eed80000)
  to   space 9728K, 0% used [0x00000000eed80000,0x00000000eed80000,0x00000000ef700000)
 ParOldGen       total 162304K, used 40399K [0x00000000c0000000, 0x00000000c9e80000, 0x00000000eab00000)
  object space 162304K, 24% used [0x00000000c0000000,0x00000000c2773cc8,0x00000000c9e80000)
 Metaspace       used 6138K, capacity 7064K, committed 7424K, reserved 1056768K
  class space    used 613K, capacity 656K, committed 768K, reserved 1048576K
GC Heap History (10 events):
Event: 3.651 GC heap before
{Heap before GC invocations=21 (full 0):
 PSYoungGen      total 34816K, used 32544K [0x00000000eab00000, 0x00000000ed200000, 0x0000000100000000)
  eden space 29696K, 100% used [0x00000000eab00000,0x00000000ec800000,0x00000000ec800000)
  from space 5120K, 55% used [0x00000000ecd00000,0x00000000ecfc8010,0x00000000ed200000)
  to   space 5120K, 0% used [0x00000000ec800000,0x00000000ec800000,0x00000000ecd00000)
 ParOldGen       total 162304K, used 15289K [0x00000000c0000000, 0x00000000c9e80000, 0x00000000eab00000)
  object space 162304K, 9% used [0x00000000c0000000,0x00000000c0eee6e0,0x00000000c9e80000)
 Metaspace       used 5949K, capacity 6960K, committed 7040K, reserved 1056768K
  class space    used 593K, capacity 616K, committed 640K, reserved 1048576K
Event: 3.674 GC heap after
Heap after GC invocations=21 (full 0):
 PSYoungGen      total 34816K, used 4768K [0x00000000eab00000, 0x00000000ee000000, 0x0000000100000000)
  eden space 29696K, 0% used [0x00000000eab00000,0x00000000eab00000,0x00000000ec800000)
  from space 5120K, 93% used [0x00000000ec800000,0x00000000ecca8000,0x00000000ecd00000)
  to   space 6144K, 0% used [0x00000000eda00000,0x00000000eda00000,0x00000000ee000000)
 ParOldGen       total 162304K, used 17972K [0x00000000c0000000, 0x00000000c9e80000, 0x00000000eab00000)
  object space 162304K, 11% used [0x00000000c0000000,0x00000000c118d240,0x00000000c9e80000)
 Metaspace       used 5949K, capacity 6960K, committed 7040K, reserved 1056768K
  class space    used 593K, capacity 616K, committed 640K, reserved 1048576K
}
Event: 3.819 GC heap before
{Heap before GC invocations=22 (full 0):
 PSYoungGen      total 34816K, used 34464K [0x00000000eab00000, 0x00000000ee000000, 0x0000000100000000)
  eden space 29696K, 100% used [0x00000000eab00000,0x00000000ec800000,0x00000000ec800000)
  from space 5120K, 93% used [0x00000000ec800000,0x00000000ecca8000,0x00000000ecd00000)
  to   space 6144K, 0% used [0x00000000eda00000,0x00000000eda00000,0x00000000ee000000)
 ParOldGen       total 162304K, used 17972K [0x00000000c0000000, 0x00000000c9e80000, 0x00000000eab00000)
  object space 162304K, 11% used [0x00000000c0000000,0x00000000c118d240,0x00000000c9e80000)
 Metaspace       used 5971K, capacity 6960K, committed 7040K, reserved 1056768K
  class space    used 593K, capacity 616K, committed 640K, reserved 1048576K
Event: 3.840 GC heap after
Heap after GC invocations=22 (full 0):
 PSYoungGen      total 47616K, used 4672K [0x00000000eab00000, 0x00000000ee100000, 0x0000000100000000)
  eden space 41472K, 0% used [0x00000000eab00000,0x00000000eab00000,0x00000000ed380000)
  from space 6144K, 76% used [0x00000000eda00000,0x00000000ede90000,0x00000000ee000000)
  to   space 6656K, 0% used [0x00000000ed380000,0x00000000ed380000,0x00000000eda00000)
 ParOldGen       total 162304K, used 22389K [0x00000000c0000000, 0x00000000c9e80000, 0x00000000eab00000)
  object space 162304K, 13% used [0x00000000c0000000,0x00000000c15dd640,0x00000000c9e80000)
 Metaspace       used 5971K, capacity 6960K, committed 7040K, reserved 1056768K
  class space    used 593K, capacity 616K, committed 640K, reserved 1048576K
}
Event: 4.000 GC heap before
{Heap before GC invocations=23 (full 0):
 PSYoungGen      total 47616K, used 46144K [0x00000000eab00000, 0x00000000ee100000, 0x0000000100000000)
  eden space 41472K, 100% used [0x00000000eab00000,0x00000000ed380000,0x00000000ed380000)
  from space 6144K, 76% used [0x00000000eda00000,0x00000000ede90000,0x00000000ee000000)
  to   space 6656K, 0% used [0x00000000ed380000,0x00000000ed380000,0x00000000eda00000)
 ParOldGen       total 162304K, used 22389K [0x00000000c0000000, 0x00000000c9e80000, 0x00000000eab00000)
  object space 162304K, 13% used [0x00000000c0000000,0x00000000c15dd640,0x00000000c9e80000)
 Metaspace       used 6000K, capacity 6960K, committed 7040K, reserved 1056768K
  class space    used 593K, capacity 616K, committed 640K, reserved 1048576K
Event: 4.043 GC heap after
Heap after GC invocations=23 (full 0):
 PSYoungGen      total 48128K, used 6640K [0x00000000eab00000, 0x00000000ef700000, 0x0000000100000000)
  eden space 41472K, 0% used [0x00000000eab00000,0x00000000eab00000,0x00000000ed380000)
  from space 6656K, 99% used [0x00000000ed380000,0x00000000ed9fc200,0x00000000eda00000)
  to   space 9728K, 0% used [0x00000000eed80000,0x00000000eed80000,0x00000000ef700000)
 ParOldGen       total 162304K, used 27645K [0x00000000c0000000, 0x00000000c9e80000, 0x00000000eab00000)
  object space 162304K, 17% used [0x00000000c0000000,0x00000000c1aff428,0x00000000c9e80000)
 Metaspace       used 6000K, capacity 6960K, committed 7040K, reserved 1056768K
  class space    used 593K, capacity 616K, committed 640K, reserved 1048576K
}
Event: 4.200 GC heap before
{Heap before GC invocations=24 (full 0):
 PSYoungGen      total 48128K, used 48112K [0x00000000eab00000, 0x00000000ef700000, 0x0000000100000000)
  eden space 41472K, 100% used [0x00000000eab00000,0x00000000ed380000,0x00000000ed380000)
  from space 6656K, 99% used [0x00000000ed380000,0x00000000ed9fc200,0x00000000eda00000)
  to   space 9728K, 0% used [0x00000000eed80000,0x00000000eed80000,0x00000000ef700000)
 ParOldGen       total 162304K, used 27645K [0x00000000c0000000, 0x00000000c9e80000, 0x00000000eab00000)
  object space 162304K, 17% used [0x00000000c0000000,0x00000000c1aff428,0x00000000c9e80000)
 Metaspace       used 6014K, capacity 7024K, committed 7296K, reserved 1056768K
  class space    used 593K, capacity 616K, committed 640K, reserved 1048576K
Event: 4.222 GC heap after
Heap after GC invocations=24 (full 0):
 PSYoungGen      total 67584K, used 6569K [0x00000000eab00000, 0x00000000ef800000, 0x0000000100000000)
  eden space 57856K, 0% used [0x00000000eab00000,0x00000000eab00000,0x00000000ee380000)
  from space 9728K, 67% used [0x00000000eed80000,0x00000000ef3ea7c0,0x00000000ef700000)
  to   space 10240K, 0% used [0x00000000ee380000,0x00000000ee380000,0x00000000eed80000)
 ParOldGen       total 162304K, used 34157K [0x00000000c0000000, 0x00000000c9e80000, 0x00000000eab00000)
  object space 162304K, 21% used [0x00000000c0000000,0x00000000c215b498,0x00000000c9e80000)
 Metaspace       used 6014K, capacity 7024K, committed 7296K, reserved 1056768K
  class space    used 593K, capacity 616K, committed 640K, reserved 1048576K
}
Event: 4.394 GC heap before
{Heap before GC invocations=25 (full 0):
 PSYoungGen      total 67584K, used 64425K [0x00000000eab00000, 0x00000000ef800000, 0x0000000100000000)
  eden space 57856K, 100% used [0x00000000eab00000,0x00000000ee380000,0x00000000ee380000)
  from space 9728K, 67% used [0x00000000eed80000,0x00000000ef3ea7c0,0x00000000ef700000)
  to   space 10240K, 0% used [0x00000000ee380000,0x00000000ee380000,0x00000000eed80000)
 ParOldGen       total 162304K, used 34157K [0x00000000c0000000, 0x00000000c9e80000, 0x00000000eab00000)
  object space 162304K, 21% used [0x00000000c0000000,0x00000000c215b498,0x00000000c9e80000)
 Metaspace       used 6134K, capacity 7064K, committed 7424K, reserved 1056768K
  class space    used 613K, capacity 656K, committed 768K, reserved 1048576K
Event: 4.421 GC heap after
Heap after GC invocations=25 (full 0):
 PSYoungGen      total 68096K, used 9152K [0x00000000eab00000, 0x00000000ef800000, 0x0000000100000000)
  eden space 57856K, 0% used [0x00000000eab00000,0x00000000eab00000,0x00000000ee380000)
  from space 10240K, 89% used [0x00000000ee380000,0x00000000eec70000,0x00000000eed80000)
  to   space 9728K, 0% used [0x00000000eed80000,0x00000000eed80000,0x00000000ef700000)
 ParOldGen       total 162304K, used 40399K [0x00000000c0000000, 0x00000000c9e80000, 0x00000000eab00000)
  object space 162304K, 24% used [0x00000000c0000000,0x00000000c2773cc8,0x00000000c9e80000)
 Metaspace       used 6134K, capacity 7064K, committed 7424K, reserved 1056768K
  class space    used 613K, capacity 656K, committed 768K, reserved 1048576K
}

