# JRE version: Java(TM) SE Runtime Environment (8.0_05-b13) (build 1.8.0_05-b13)
# Java VM: Java HotSpot(TM) 64-Bit Server VM (25.5-b02 mixed mode windows-amd64 compressed oops)
Heap:
 PSYoungGen      total 224256K, used 25567K [0x00000000eab00000, 0x00000000fad00000, 0x0000000100000000)
  eden space 195072K, 13% used [0x00000000eab00000,0x00000000ec3f7fa0,0x00000000f6980000)
  from space 29184K, 0% used [0x00000000f8980000,0x00000000f8980000,0x00000000fa600000)
  to   space 32768K, 0% used [0x00000000f6980000,0x00000000f6980000,0x00000000f8980000)
 ParOldGen       total 180736K, used 154058K [0x00000000c0000000, 0x00000000cb080000, 0x00000000eab00000)
  object space 180736K, 85% used [0x00000000c0000000,0x00000000c9672970,0x00000000cb080000)
 Metaspace       used 6210K, capacity 7128K, committed 7424K, reserved 1056768K
  class space    used 614K, capacity 656K, committed 768K, reserved 1048576K
GC Heap History (10 events):
Event: 3.094 GC heap before
{Heap before GC invocations=27 (full 0):
 PSYoungGen      total 133120K, used 133088K [0x00000000eab00000, 0x00000000f4e80000, 0x0000000100000000)
  eden space 118784K, 100% used [0x00000000eab00000,0x00000000f1f00000,0x00000000f1f00000)
  from space 14336K, 99% used [0x00000000f3380000,0x00000000f4178030,0x00000000f4180000)
  to   space 20992K, 0% used [0x00000000f1f00000,0x00000000f1f00000,0x00000000f3380000)
 ParOldGen       total 162304K, used 68032K [0x00000000c0000000, 0x00000000c9e80000, 0x00000000eab00000)
  object space 162304K, 41% used [0x00000000c0000000,0x00000000c4270120,0x00000000c9e80000)
 Metaspace       used 6198K, capacity 7128K, committed 7424K, reserved 1056768K
  class space    used 614K, capacity 656K, committed 768K, reserved 1048576K
Event: 3.115 GC heap after
Heap after GC invocations=27 (full 0):
 PSYoungGen      total 139776K, used 18752K [0x00000000eab00000, 0x00000000f7100000, 0x0000000100000000)
  eden space 118784K, 0% used [0x00000000eab00000,0x00000000eab00000,0x00000000f1f00000)
  from space 20992K, 89% used [0x00000000f1f00000,0x00000000f3150000,0x00000000f3380000)
  to   space 24064K, 0% used [0x00000000f5980000,0x00000000f5980000,0x00000000f7100000)
 ParOldGen       total 162304K, used 82277K [0x00000000c0000000, 0x00000000c9e80000, 0x00000000eab00000)
  object space 162304K, 50% used [0x00000000c0000000,0x00000000c50597b8,0x00000000c9e80000)
 Metaspace       used 6198K, capacity 7128K, committed 7424K, reserved 1056768K
  class space    used 614K, capacity 656K, committed 768K, reserved 1048576K
}
Event: 3.295 GC heap before
{Heap before GC invocations=28 (full 0):
 PSYoungGen      total 139776K, used 137536K [0x00000000eab00000, 0x00000000f7100000, 0x0000000100000000)
  eden space 118784K, 100% used [0x00000000eab00000,0x00000000f1f00000,0x00000000f1f00000)
  from space 20992K, 89% used [0x00000000f1f00000,0x00000000f3150000,0x00000000f3380000)
  to   space 24064K, 0% used [0x00000000f5980000,0x00000000f5980000,0x00000000f7100000)
 ParOldGen       total 162304K, used 82277K [0x00000000c0000000, 0x00000000c9e80000, 0x00000000eab00000)
  object space 162304K, 50% used [0x00000000c0000000,0x00000000c50597b8,0x00000000c9e80000)
 Metaspace       used 6200K, capacity 7128K, committed 7424K, reserved 1056768K
  class space    used 614K, capacity 656K, committed 768K, reserved 1048576K
Event: 3.332 GC heap after
Heap after GC invocations=28 (full 0):
 PSYoungGen      total 176640K, used 18182K [0x00000000eab00000, 0x00000000f7500000, 0x0000000100000000)
  eden space 152576K, 0% used [0x00000000eab00000,0x00000000eab00000,0x00000000f4000000)
  from space 24064K, 75% used [0x00000000f5980000,0x00000000f6b419c8,0x00000000f7100000)
  to   space 26112K, 0% used [0x00000000f4000000,0x00000000f4000000,0x00000000f5980000)
 ParOldGen       total 162304K, used 99867K [0x00000000c0000000, 0x00000000c9e80000, 0x00000000eab00000)
  object space 162304K, 61% used [0x00000000c0000000,0x00000000c6186d90,0x00000000c9e80000)
 Metaspace       used 6200K, capacity 7128K, committed 7424K, reserved 1056768K
  class space    used 614K, capacity 656K, committed 768K, reserved 1048576K
}
Event: 3.594 GC heap before
{Heap before GC invocations=29 (full 0):
 PSYoungGen      total 176640K, used 170758K [0x00000000eab00000, 0x00000000f7500000, 0x0000000100000000)
  eden space 152576K, 100% used [0x00000000eab00000,0x00000000f4000000,0x00000000f4000000)
  from space 24064K, 75% used [0x00000000f5980000,0x00000000f6b419c8,0x00000000f7100000)
  to   space 26112K, 0% used [0x00000000f4000000,0x00000000f4000000,0x00000000f5980000)
 ParOldGen       total 162304K, used 99867K [0x00000000c0000000, 0x00000000c9e80000, 0x00000000eab00000)
  object space 162304K, 61% used [0x00000000c0000000,0x00000000c6186d90,0x00000000c9e80000)
 Metaspace       used 6202K, capacity 7128K, committed 7424K, reserved 1056768K
  class space    used 614K, capacity 656K, committed 768K, reserved 1048576K
Event: 3.641 GC heap after
Heap after GC invocations=29 (full 0):
 PSYoungGen      total 178688K, used 22867K [0x00000000eab00000, 0x00000000fa600000, 0x0000000100000000)
  eden space 152576K, 0% used [0x00000000eab00000,0x00000000eab00000,0x00000000f4000000)
  from space 26112K, 87% used [0x00000000f4000000,0x00000000f5654d80,0x00000000f5980000)
  to   space 29184K, 0% used [0x00000000f8980000,0x00000000f8980000,0x00000000fa600000)
 ParOldGen       total 162304K, used 116804K [0x00000000c0000000, 0x00000000c9e80000, 0x00000000eab00000)
  object space 162304K, 71% used [0x00000000c0000000,0x00000000c7211128,0x00000000c9e80000)
 Metaspace       used 6202K, capacity 7128K, committed 7424K, reserved 1056768K
  class space    used 614K, capacity 656K, committed 768K, reserved 1048576K
}
Event: 3.901 GC heap before
{Heap before GC invocations=30 (full 0):
 PSYoungGen      total 178688K, used 175443K [0x00000000eab00000, 0x00000000fa600000, 0x0000000100000000)
  eden space 152576K, 100% used [0x00000000eab00000,0x00000000f4000000,0x00000000f4000000)
  from space 26112K, 87% used [0x00000000f4000000,0x00000000f5654d80,0x00000000f5980000)
  to   space 29184K, 0% used [0x00000000f8980000,0x00000000f8980000,0x00000000fa600000)
 ParOldGen       total 162304K, used 116804K [0x00000000c0000000, 0x00000000c9e80000, 0x00000000eab00000)
  object space 162304K, 71% used [0x00000000c0000000,0x00000000c7211128,0x00000000c9e80000)
 Metaspace       used 6209K, capacity 7128K, committed 7424K, reserved 1056768K
  class space    used 614K, capacity 656K, committed 768K, reserved 1048576K
Event: 4.005 GC heap after
Heap after GC invocations=30 (full 0):
 PSYoungGen      total 224256K, used 24449K [0x00000000eab00000, 0x00000000fad00000, 0x0000000100000000)
  eden space 195072K, 0% used [0x00000000eab00000,0x00000000eab00000,0x00000000f6980000)
  from space 29184K, 83% used [0x00000000f8980000,0x00000000fa160538,0x00000000fa600000)
  to   space 32768K, 0% used [0x00000000f6980000,0x00000000f6980000,0x00000000f8980000)
 ParOldGen       total 162304K, used 138261K [0x00000000c0000000, 0x00000000c9e80000, 0x00000000eab00000)
  object space 162304K, 85% used [0x00000000c0000000,0x00000000c87055a8,0x00000000c9e80000)
 Metaspace       used 6209K, capacity 7128K, committed 7424K, reserved 1056768K
  class space    used 614K, capacity 656K, committed 768K, reserved 1048576K
}
Event: 4.005 GC heap before
{Heap before GC invocations=31 (full 1):
 PSYoungGen      total 224256K, used 24449K [0x00000000eab00000, 0x00000000fad00000, 0x0000000100000000)
  eden space 195072K, 0% used [0x00000000eab00000,0x00000000eab00000,0x00000000f6980000)
  from space 29184K, 83% used [0x00000000f8980000,0x00000000fa160538,0x00000000fa600000)
  to   space 32768K, 0% used [0x00000000f6980000,0x00000000f6980000,0x00000000f8980000)
 ParOldGen       total 162304K, used 138261K [0x00000000c0000000, 0x00000000c9e80000, 0x00000000eab00000)
  object space 162304K, 85% used [0x00000000c0000000,0x00000000c87055a8,0x00000000c9e80000)
 Metaspace       used 6209K, capacity 7128K, committed 7424K, reserved 1056768K
  class space    used 614K, capacity 656K, committed 768K, reserved 1048576K
Event: 4.713 GC heap after
Heap after GC invocations=31 (full 1):
 PSYoungGen      total 224256K, used 0K [0x00000000eab00000, 0x00000000fad00000, 0x0000000100000000)
  eden space 195072K, 0% used [0x00000000eab00000,0x00000000eab00000,0x00000000f6980000)
  from space 29184K, 0% used [0x00000000f8980000,0x00000000f8980000,0x00000000fa600000)
  to   space 32768K, 0% used [0x00000000f6980000,0x00000000f6980000,0x00000000f8980000)
 ParOldGen       total 180736K, used 154058K [0x00000000c0000000, 0x00000000cb080000, 0x00000000eab00000)
  object space 180736K, 85% used [0x00000000c0000000,0x00000000c9672970,0x00000000cb080000)
 Metaspace       used 6209K, capacity 7128K, committed 7424K, reserved 1056768K
  class space    used 614K, capacity 656K, committed 768K, reserved 1048576K
}

