# JRE version: Java(TM) SE Runtime Environment (8.0_05-b13) (build 1.8.0_05-b13)
# Java VM: Java HotSpot(TM) 64-Bit Server VM (25.5-b02 mixed mode windows-amd64 compressed oops)
Heap:
 PSYoungGen      total 59904K, used 55280K [0x00000000eab00000, 0x00000000f0480000, 0x0000000100000000)
  eden space 50688K, 94% used [0x00000000eab00000,0x00000000ed98d120,0x00000000edc80000)
  from space 9216K, 82% used [0x00000000edc80000,0x00000000ee3eefa0,0x00000000ee580000)
  to   space 10240K, 0% used [0x00000000efa80000,0x00000000efa80000,0x00000000f0480000)
 ParOldGen       total 162304K, used 37579K [0x00000000c0000000, 0x00000000c9e80000, 0x00000000eab00000)
  object space 162304K, 23% used [0x00000000c0000000,0x00000000c24b2c90,0x00000000c9e80000)
 Metaspace       used 7038K, capacity 7640K, committed 7936K, reserved 1056768K
  class space    used 691K, capacity 720K, committed 768K, reserved 1048576K
GC Heap History (10 events):
Event: 0.550 GC heap before
{Heap before GC invocations=13 (full 0):
 PSYoungGen      total 12288K, used 11616K [0x00000000eab00000, 0x00000000eb900000, 0x0000000100000000)
  eden space 10240K, 100% used [0x00000000eab00000,0x00000000eb500000,0x00000000eb500000)
  from space 2048K, 67% used [0x00000000eb700000,0x00000000eb858000,0x00000000eb900000)
  to   space 2048K, 0% used [0x00000000eb500000,0x00000000eb500000,0x00000000eb700000)
 ParOldGen       total 162304K, used 4142K [0x00000000c0000000, 0x00000000c9e80000, 0x00000000eab00000)
  object space 162304K, 2% used [0x00000000c0000000,0x00000000c040b8e8,0x00000000c9e80000)
 Metaspace       used 5767K, capacity 6832K, committed 7040K, reserved 1056768K
  class space    used 592K, capacity 616K, committed 640K, reserved 1048576K
Event: 0.555 GC heap after
Heap after GC invocations=13 (full 0):
 PSYoungGen      total 12288K, used 1901K [0x00000000eab00000, 0x00000000ec000000, 0x0000000100000000)
  eden space 10240K, 0% used [0x00000000eab00000,0x00000000eab00000,0x00000000eb500000)
  from space 2048K, 92% used [0x00000000eb500000,0x00000000eb6db510,0x00000000eb700000)
  to   space 2560K, 0% used [0x00000000ebd80000,0x00000000ebd80000,0x00000000ec000000)
 ParOldGen       total 162304K, used 5081K [0x00000000c0000000, 0x00000000c9e80000, 0x00000000eab00000)
  object space 162304K, 3% used [0x00000000c0000000,0x00000000c04f6568,0x00000000c9e80000)
 Metaspace       used 5767K, capacity 6832K, committed 7040K, reserved 1056768K
  class space    used 592K, capacity 616K, committed 640K, reserved 1048576K
}
Event: 0.599 GC heap before
{Heap before GC invocations=14 (full 0):
 PSYoungGen      total 12288K, used 12141K [0x00000000eab00000, 0x00000000ec000000, 0x0000000100000000)
  eden space 10240K, 100% used [0x00000000eab00000,0x00000000eb500000,0x00000000eb500000)
  from space 2048K, 92% used [0x00000000eb500000,0x00000000eb6db510,0x00000000eb700000)
  to   space 2560K, 0% used [0x00000000ebd80000,0x00000000ebd80000,0x00000000ec000000)
 ParOldGen       total 162304K, used 5081K [0x00000000c0000000, 0x00000000c9e80000, 0x00000000eab00000)
  object space 162304K, 3% used [0x00000000c0000000,0x00000000c04f6568,0x00000000c9e80000)
 Metaspace       used 5809K, capacity 6832K, committed 7040K, reserved 1056768K
  class space    used 592K, capacity 616K, committed 640K, reserved 1048576K
Event: 0.606 GC heap after
Heap after GC invocations=14 (full 0):
 PSYoungGen      total 18944K, used 2098K [0x00000000eab00000, 0x00000000ec000000, 0x0000000100000000)
  eden space 16384K, 0% used [0x00000000eab00000,0x00000000eab00000,0x00000000ebb00000)
  from space 2560K, 81% used [0x00000000ebd80000,0x00000000ebf8c948,0x00000000ec000000)
  to   space 2560K, 0% used [0x00000000ebb00000,0x00000000ebb00000,0x00000000ebd80000)
 ParOldGen       total 162304K, used 6837K [0x00000000c0000000, 0x00000000c9e80000, 0x00000000eab00000)
  object space 162304K, 4% used [0x00000000c0000000,0x00000000c06ad710,0x00000000c9e80000)
 Metaspace       used 5809K, capacity 6832K, committed 7040K, reserved 1056768K
  class space    used 592K, capacity 616K, committed 640K, reserved 1048576K
}
Event: 0.686 GC heap before
{Heap before GC invocations=15 (full 0):
 PSYoungGen      total 18944K, used 18482K [0x00000000eab00000, 0x00000000ec000000, 0x0000000100000000)
  eden space 16384K, 100% used [0x00000000eab00000,0x00000000ebb00000,0x00000000ebb00000)
  from space 2560K, 81% used [0x00000000ebd80000,0x00000000ebf8c948,0x00000000ec000000)
  to   space 2560K, 0% used [0x00000000ebb00000,0x00000000ebb00000,0x00000000ebd80000)
 ParOldGen       total 162304K, used 6837K [0x00000000c0000000, 0x00000000c9e80000, 0x00000000eab00000)
  object space 162304K, 4% used [0x00000000c0000000,0x00000000c06ad710,0x00000000c9e80000)
 Metaspace       used 5874K, capacity 6896K, committed 7040K, reserved 1056768K
  class space    used 592K, capacity 616K, committed 640K, reserved 1048576K
Event: 0.702 GC heap after
Heap after GC invocations=15 (full 0):
 PSYoungGen      total 18944K, used 2496K [0x00000000eab00000, 0x00000000ecb00000, 0x0000000100000000)
  eden space 16384K, 0% used [0x00000000eab00000,0x00000000eab00000,0x00000000ebb00000)
  from space 2560K, 97% used [0x00000000ebb00000,0x00000000ebd70010,0x00000000ebd80000)
  to   space 3072K, 0% used [0x00000000ec800000,0x00000000ec800000,0x00000000ecb00000)
 ParOldGen       total 162304K, used 8315K [0x00000000c0000000, 0x00000000c9e80000, 0x00000000eab00000)
  object space 162304K, 5% used [0x00000000c0000000,0x00000000c081ef60,0x00000000c9e80000)
 Metaspace       used 5874K, capacity 6896K, committed 7040K, reserved 1056768K
  class space    used 592K, capacity 616K, committed 640K, reserved 1048576K
}
Event: 0.750 GC heap before
{Heap before GC invocations=16 (full 0):
 PSYoungGen      total 18944K, used 18880K [0x00000000eab00000, 0x00000000ecb00000, 0x0000000100000000)
  eden space 16384K, 100% used [0x00000000eab00000,0x00000000ebb00000,0x00000000ebb00000)
  from space 2560K, 97% used [0x00000000ebb00000,0x00000000ebd70010,0x00000000ebd80000)
  to   space 3072K, 0% used [0x00000000ec800000,0x00000000ec800000,0x00000000ecb00000)
 ParOldGen       total 162304K, used 8315K [0x00000000c0000000, 0x00000000c9e80000, 0x00000000eab00000)
  object space 162304K, 5% used [0x00000000c0000000,0x00000000c081ef60,0x00000000c9e80000)
 Metaspace       used 5885K, capacity 6896K, committed 7040K, reserved 1056768K
  class space    used 592K, capacity 616K, committed 640K, reserved 1048576K
Event: 0.755 GC heap after
Heap after GC invocations=16 (full 0):
 PSYoungGen      total 29184K, used 2604K [0x00000000eab00000, 0x00000000ecc00000, 0x0000000100000000)
  eden space 26112K, 0% used [0x00000000eab00000,0x00000000eab00000,0x00000000ec480000)
  from space 3072K, 84% used [0x00000000ec800000,0x00000000eca8b140,0x00000000ecb00000)
  to   space 3584K, 0% used [0x00000000ec480000,0x00000000ec480000,0x00000000ec800000)
 ParOldGen       total 162304K, used 10651K [0x00000000c0000000, 0x00000000c9e80000, 0x00000000eab00000)
  object space 162304K, 6% used [0x00000000c0000000,0x00000000c0a66f70,0x00000000c9e80000)
 Metaspace       used 5885K, capacity 6896K, committed 7040K, reserved 1056768K
  class space    used 592K, capacity 616K, committed 640K, reserved 1048576K
}
Event: 0.813 GC heap before
{Heap before GC invocations=17 (full 0):
 PSYoungGen      total 29184K, used 28716K [0x00000000eab00000, 0x00000000ecc00000, 0x0000000100000000)
  eden space 26112K, 100% used [0x00000000eab00000,0x00000000ec480000,0x00000000ec480000)
  from space 3072K, 84% used [0x00000000ec800000,0x00000000eca8b140,0x00000000ecb00000)
  to   space 3584K, 0% used [0x00000000ec480000,0x00000000ec480000,0x00000000ec800000)
 ParOldGen       total 162304K, used 10651K [0x00000000c0000000, 0x00000000c9e80000, 0x00000000eab00000)
  object space 162304K, 6% used [0x00000000c0000000,0x00000000c0a66f70,0x00000000c9e80000)
 Metaspace       used 5909K, capacity 6960K, committed 7040K, reserved 1056768K
  class space    used 593K, capacity 616K, committed 640K, reserved 1048576K
Event: 0.820 GC heap after
Heap after GC invocations=17 (full 0):
 PSYoungGen      total 29696K, used 3579K [0x00000000eab00000, 0x00000000ecc00000, 0x0000000100000000)
  eden space 26112K, 0% used [0x00000000eab00000,0x00000000eab00000,0x00000000ec480000)
  from space 3584K, 99% used [0x00000000ec480000,0x00000000ec7feec0,0x00000000ec800000)
  to   space 3072K, 0% used [0x00000000ec800000,0x00000000ec800000,0x00000000ecb00000)
 ParOldGen       total 162304K, used 13528K [0x00000000c0000000, 0x00000000c9e80000, 0x00000000eab00000)
  object space 162304K, 8% used [0x00000000c0000000,0x00000000c0d362c8,0x00000000c9e80000)
 Metaspace       used 5909K, capacity 6960K, committed 7040K, reserved 1056768K
  class space    used 593K, capacity 616K, committed 640K, reserved 1048576K
}

